Removed Pin From Net: NetName=AGND Pin=C15-1
Removed Pin From Net: NetName=+15V Pin=C15-2
Removed Pin From Net: NetName=+15V Pin=C16-1
Removed Pin From Net: NetName=-15V Pin=C17-2
Removed Pin From Net: NetName=-15V Pin=C18-2
Removed Pin From Net: NetName=PGA1_A1 Pin=U17-5
Removed Pin From Net: NetName=PGA2_A1 Pin=U18-5
Change Component DesignItemId : Designator=C15 Old DesignItemId=Cap New DesignItemId=Cap Pol1
Change Component DesignItemId : Designator=C17 Old DesignItemId=Cap New DesignItemId=Cap Pol1
Change Component Footprint: Designator=C15 Old Footprint=0805 New Footprint=6032_pol
Change Component Footprint: Designator=C17 Old Footprint=0805 New Footprint=6032_pol
Change Component Comment : Designator=R18 Old Comment=0R New Comment=1K
Change Component Comment : Designator=C15 Old Comment=100nF New Comment=10uF
Change Component Comment : Designator=C17 Old Comment=100nF New Comment=10uF
Added Pin To Net: NetName=5V Pin=C15-1
Added Pin To Net: NetName=AGND Pin=C15-2
Added Pin To Net: NetName=-5V Pin=C16-1
Added Pin To Net: NetName=5V Pin=C17-2
Added Pin To Net: NetName=-5V Pin=C18-2
Added Pin To Net: NetName=AGND Pin=U17-5
Added Pin To Net: NetName=AGND Pin=U18-5
