Removed Pin From Net: NetName=AGND Pin=C20-1
Removed Pin From Net: NetName=DGND Pin=DL-5
Removed Pin From Net: NetName=NetC20_2 Pin=R10-2
Removed Pin From Net: NetName=SENSE_L Pin=R12-1
Removed Pin From Net: NetName=SENSE_H Pin=R14-1
Removed Pin From Net: NetName=NetK11_4 Pin=R17-1
Removed Pin From Net: NetName=AGND Pin=R17-2
Removed Pin From Net: NetName=NetK11_4 Pin=R18-2
Removed Pin From Net: NetName=AGND Pin=R50-1
Removed Pin From Net: NetName=AGND Pin=R52-1
Removed Pin From Net: NetName=NetC20_2 Pin=U2-2
Removed Pin From Net: NetName=NetK11_4 Pin=U3-2
Removed Pin From Net: NetName=SIGIN Pin=U3-3
Removed Pin From Net: NetName=-15V Pin=U3-4
Removed Pin From Net: NetName=NetR16_1 Pin=U3-5
Removed Pin From Net: NetName=+15V Pin=U3-8
Removed Pin From Net: NetName=NetR16_1 Pin=U4-1
Removed Pin From Net: NetName=R_VOLTAGE Pin=U6-7
Removed Pin From Net: NetName=DUT_VOLTAGE Pin=U7-7
Removed Member From Class: ClassName=Analog Member=R10
Removed Member From Class: ClassName=Analog Member=U3
Change Component Footprint: Designator=C20 Old Footprint=0603 New Footprint=0805
Change Component Comment : Designator=C20 Old Comment=1uF New Comment=10uF
Change Component Comment : Designator=R18 Old Comment=4.99K New Comment=0R
Added Component: Designator=C110(0603)
Added Component: Designator=C111(0603)
Added Component: Designator=K16(Relay_OMRON5V)
Added Component: Designator=R77(0603)
Added Component: Designator=R78(0603)
Added Pin To Net: NetName=R_VOLTAGE Pin=C110-1
Added Pin To Net: NetName=AGND Pin=C110-2
Added Pin To Net: NetName=DUT_VOLTAGE Pin=C111-1
Added Pin To Net: NetName=AGND Pin=C111-2
Added Pin To Net: NetName=AGND Pin=DL-5
Added Pin To Net: NetName=AGND Pin=K11-6
Added Pin To Net: NetName=+15V Pin=K16-2
Added Pin To Net: NetName=AGND Pin=K16-6
Added Pin To Net: NetName=SENSE_H Pin=R12-1
Added Pin To Net: NetName=SENSE_L Pin=R14-1
Added Pin To Net: NetName=SIGIN Pin=R17-2
Added Pin To Net: NetName=NetC20_2 Pin=R18-1
Added Pin To Net: NetName=NetR16_1 Pin=R18-2
Added Pin To Net: NetName=PGA2_WR Pin=R29-1
Added Pin To Net: NetName=NetK11_4 Pin=R52-1
Added Pin To Net: NetName=R_VOLTAGE Pin=R77-1
Added Pin To Net: NetName=DUT_VOLTAGE Pin=R78-1
Added Pin To Net: NetName=NetR16_1 Pin=U2-2
Added Pin To Net: NetName=NetC20_2 Pin=U4-1
Added Pin To Net: NetName=D16 Pin=K16-5
Added Net: Name=D16
Added Pin To Net: NetName=NetC20_1 Pin=C20-1
Added Pin To Net: NetName=NetC20_1 Pin=K12-3
Added Pin To Net: NetName=NetC20_1 Pin=U4-2
Added Net: Name=NetC20_1
Added Pin To Net: NetName=NetK16_4 Pin=K16-4
Added Pin To Net: NetName=NetK16_4 Pin=R50-1
Added Net: Name=NetK16_4
Added Pin To Net: NetName=NetR17_1 Pin=R17-1
Added Pin To Net: NetName=NetR17_1 Pin=U4-3
Added Net: Name=NetR17_1
Added Pin To Net: NetName=NetR77_2 Pin=R77-2
Added Pin To Net: NetName=NetR77_2 Pin=U6-7
Added Net: Name=NetR77_2
Added Pin To Net: NetName=NetR78_2 Pin=R78-2
Added Pin To Net: NetName=NetR78_2 Pin=U7-7
Added Net: Name=NetR78_2
Added Member To Class: ClassName=Analog Member=Component C110 1nF
Added Member To Class: ClassName=Analog Member=Component C111 1nF
Added Member To Class: ClassName=Analog Member=Component K16 Relay
Added Member To Class: ClassName=Analog Member=Component R77 2.2K,0.1%
Added Member To Class: ClassName=Analog Member=Component R78 2.2K,0.1%
